Using pre-set license
Built from '2021.3/staging' branch; Version is '2021.3.22f1 (b6c551784ba3) revision 11978065'; Using compiler version '192829333'; Build Type 'Release'
OS: 'Windows 11  (10.0.22621) 64bit Professional' Language: 'en' Physical Memory: 49017 MB
BatchMode: 1, IsHumanControllingUs: 0, StartBugReporterOnCrash: 0, Is64bit: 1, IsPro: 1

COMMAND LINE ARGUMENTS:
C:\Program Files\Unity\Hub\Editor\2021.3.22f1\Editor\Unity.exe
-adb2
-batchMode
-noUpm
-name
AssetImportWorker1
-projectPath
C:/Users/illic/Desktop/TFS/Term 5/VGA203/VGA203_Assets
-logFile
Logs/AssetImportWorker1.log
-srvPort
12185
Successfully changed project path to: C:/Users/illic/Desktop/TFS/Term 5/VGA203/VGA203_Assets
C:/Users/illic/Desktop/TFS/Term 5/VGA203/VGA203_Assets
[UnityMemory] Configuration Parameters - Can be set up in boot.config
    "memorysetup-bucket-allocator-granularity=16"
    "memorysetup-bucket-allocator-bucket-count=8"
    "memorysetup-bucket-allocator-block-size=33554432"
    "memorysetup-bucket-allocator-block-count=8"
    "memorysetup-main-allocator-block-size=16777216"
    "memorysetup-thread-allocator-block-size=16777216"
    "memorysetup-gfx-main-allocator-block-size=16777216"
    "memorysetup-gfx-thread-allocator-block-size=16777216"
    "memorysetup-cache-allocator-block-size=4194304"
    "memorysetup-typetree-allocator-block-size=2097152"
    "memorysetup-profiler-bucket-allocator-granularity=16"
    "memorysetup-profiler-bucket-allocator-bucket-count=8"
    "memorysetup-profiler-bucket-allocator-block-size=33554432"
    "memorysetup-profiler-bucket-allocator-block-count=8"
    "memorysetup-profiler-allocator-block-size=16777216"
    "memorysetup-profiler-editor-allocator-block-size=1048576"
    "memorysetup-temp-allocator-size-main=16777216"
    "memorysetup-job-temp-allocator-block-size=2097152"
    "memorysetup-job-temp-allocator-block-size-background=1048576"
    "memorysetup-job-temp-allocator-reduction-small-platforms=262144"
    "memorysetup-temp-allocator-size-background-worker=32768"
    "memorysetup-temp-allocator-size-job-worker=262144"
    "memorysetup-temp-allocator-size-preload-manager=33554432"
    "memorysetup-temp-allocator-size-nav-mesh-worker=65536"
    "memorysetup-temp-allocator-size-audio-worker=65536"
    "memorysetup-temp-allocator-size-cloud-worker=32768"
    "memorysetup-temp-allocator-size-gi-baking-worker=262144"
    "memorysetup-temp-allocator-size-gfx=262144"
Player connection [3600] Host "[IP] 192.168.1.123 [Port] 0 [Flags] 2 [Guid] 712110024 [EditorId] 712110024 [Version] 1048832 [Id] WindowsEditor(7,KUME) [Debug] 1 [PackageName] WindowsEditor [ProjectName] Editor" joined multi-casting on [225.0.0.222:54997]...

Player connection [3600] Host "[IP] 192.168.1.123 [Port] 0 [Flags] 2 [Guid] 712110024 [EditorId] 712110024 [Version] 1048832 [Id] WindowsEditor(7,KUME) [Debug] 1 [PackageName] WindowsEditor [ProjectName] Editor" joined alternative multi-casting on [225.0.0.222:34997]...

Refreshing native plugins compatible for Editor in 984.71 ms, found 3 plugins.
Preloading 0 native plugins for Editor in 0.00 ms.
Initialize engine version: 2021.3.22f1 (b6c551784ba3)
[Subsystems] Discovering subsystems at path C:/Program Files/Unity/Hub/Editor/2021.3.22f1/Editor/Data/Resources/UnitySubsystems
[Subsystems] Discovering subsystems at path C:/Users/illic/Desktop/TFS/Term 5/VGA203/VGA203_Assets/Assets
GfxDevice: creating device client; threaded=0; jobified=0
Direct3D:
    Version:  Direct3D 11.0 [level 11.1]
    Renderer: NVIDIA GeForce GTX 1050 Ti (ID=0x1c8c)
    Vendor:   NVIDIA
    VRAM:     4004 MB
    Driver:   31.0.15.5176
Initialize mono
Mono path[0] = 'C:/Program Files/Unity/Hub/Editor/2021.3.22f1/Editor/Data/Managed'
Mono path[1] = 'C:/Program Files/Unity/Hub/Editor/2021.3.22f1/Editor/Data/MonoBleedingEdge/lib/mono/unityjit-win32'
Mono config path = 'C:/Program Files/Unity/Hub/Editor/2021.3.22f1/Editor/Data/MonoBleedingEdge/etc'
Using monoOptions --debugger-agent=transport=dt_socket,embedding=1,server=y,suspend=n,address=127.0.0.1:56852
Begin MonoManager ReloadAssembly
Registering precompiled unity dll's ...
Register platform support module: C:/Program Files/Unity/Hub/Editor/2021.3.22f1/Editor/Data/PlaybackEngines/WindowsStandaloneSupport/UnityEditor.WindowsStandalone.Extensions.dll
Registered in 0.043383 seconds.
Native extension for WindowsStandalone target not found
Refreshing native plugins compatible for Editor in 1013.27 ms, found 3 plugins.
Preloading 0 native plugins for Editor in 0.00 ms.
Mono: successfully reloaded assembly
- Completed reload, in  7.299 seconds
Domain Reload Profiling:
	ReloadAssembly (7304ms)
		BeginReloadAssembly (734ms)
			ExecutionOrderSort (0ms)
			DisableScriptedObjects (0ms)
			BackupInstance (0ms)
			ReleaseScriptingObjects (0ms)
			CreateAndSetChildDomain (7ms)
		EndReloadAssembly (5692ms)
			LoadAssemblies (716ms)
			RebuildTransferFunctionScriptingTraits (1ms)
			SetupTypeCache (944ms)
			ReleaseScriptCaches (0ms)
			RebuildScriptCaches (384ms)
			SetupLoadedEditorAssemblies (3768ms)
				LogAssemblyErrors (0ms)
				InitializePlatformSupportModulesInManaged (98ms)
				SetLoadedEditorAssemblies (2ms)
				RefreshPlugins (1014ms)
				BeforeProcessingInitializeOnLoad (10ms)
				ProcessInitializeOnLoadAttributes (2173ms)
				ProcessInitializeOnLoadMethodAttributes (471ms)
				AfterProcessingInitializeOnLoad (0ms)
				EditorAssembliesLoaded (1ms)
			ExecutionOrderSort2 (0ms)
			AwakeInstancesAfterBackupRestoration (0ms)
Platform modules already initialized, skipping
Registering precompiled user dll's ...
Registered in 0.078309 seconds.
Begin MonoManager ReloadAssembly
Symbol file LoadedFromMemory doesn't match image C:\Users\illic\Desktop\TFS\Term 5\VGA203\VGA203_Assets\Library\PackageCache\com.unity.visualscripting@1.8.0\Editor\VisualScripting.Core\Dependencies\YamlDotNet\Unity.VisualScripting.YamlDotNet.dll
Symbol file LoadedFromMemory doesn't match image C:\Users\illic\Desktop\TFS\Term 5\VGA203\VGA203_Assets\Library\PackageCache\com.unity.visualscripting@1.8.0\Editor\VisualScripting.Core\Dependencies\DotNetZip\Unity.VisualScripting.IonicZip.dll
Native extension for WindowsStandalone target not found
Refreshing native plugins compatible for Editor in 3.21 ms, found 3 plugins.
Preloading 0 native plugins for Editor in 0.00 ms.
Mono: successfully reloaded assembly
- Completed reload, in  9.324 seconds
Domain Reload Profiling:
	ReloadAssembly (9330ms)
		BeginReloadAssembly (776ms)
			ExecutionOrderSort (0ms)
			DisableScriptedObjects (47ms)
			BackupInstance (0ms)
			ReleaseScriptingObjects (1ms)
			CreateAndSetChildDomain (110ms)
		EndReloadAssembly (7710ms)
			LoadAssemblies (532ms)
			RebuildTransferFunctionScriptingTraits (0ms)
			SetupTypeCache (2467ms)
			ReleaseScriptCaches (3ms)
			RebuildScriptCaches (530ms)
			SetupLoadedEditorAssemblies (3114ms)
				LogAssemblyErrors (0ms)
				InitializePlatformSupportModulesInManaged (92ms)
				SetLoadedEditorAssemblies (4ms)
				RefreshPlugins (4ms)
				BeforeProcessingInitializeOnLoad (556ms)
				ProcessInitializeOnLoadAttributes (2181ms)
				ProcessInitializeOnLoadMethodAttributes (232ms)
				AfterProcessingInitializeOnLoad (43ms)
				EditorAssembliesLoaded (1ms)
			ExecutionOrderSort2 (0ms)
			AwakeInstancesAfterBackupRestoration (50ms)
Platform modules already initialized, skipping
========================================================================
Worker process is ready to serve import requests
Launched and connected shader compiler UnityShaderCompiler.exe after 0.39 seconds
Refreshing native plugins compatible for Editor in 4.91 ms, found 3 plugins.
Preloading 0 native plugins for Editor in 0.00 ms.
Unloading 3047 Unused Serialized files (Serialized files now loaded: 0)
Unloading 24 unused Assets / (113.4 KB). Loaded Objects now: 3507.
Memory consumption went from 107.5 MB to 107.3 MB.
Total: 23.166900 ms (FindLiveObjects: 1.691200 ms CreateObjectMapping: 1.230000 ms MarkObjects: 19.471600 ms  DeleteObjects: 0.770300 ms)

AssetImportParameters requested are different than current active one (requested -> active):
  custom:video-decoder-ogg-theora: a1e56fd34408186e4bbccfd4996cb3dc -> 
  custom:container-muxer-webm: aa71ff27fc2769a1b78a27578f13a17b -> 
  custom:container-demuxer-webm: 4f35f7cbe854078d1ac9338744f61a02 -> 
  custom:video-encoder-webm-vp8: eb34c28f22e8b96e1ab97ce403110664 -> 
  custom:video-codec-MediaFoundation-h265: 746d11721c4dcdbdad8f713fa42b33f4 -> 
  custom:audio-encoder-webm-vorbis: bf7c407c2cedff20999df2af8eb42d56 -> 
  custom:framework-win-MediaFoundation: 216162199b28c13a410421893ffa2e32 -> 
  custom:container-demuxer-ogg: 62fdf1f143b41e24485cea50d1cbac27 -> 
  custom:video-decoder-webm-vp8: 9c59270c3fd7afecdb556c50c9e8de78 -> 
  custom:audio-decoder-ogg-vorbis: bf7c407c2cedff20999df2af8eb42d56 -> 
========================================================================
Received Import Request.
  Time since last request: 37865.974924 seconds.
  path: Assets/Rock Debris-2.fbx
  artifactKey: Guid(73cd27634bd101d4bb3b130fb323b116) Importer(815301076,1909f56bfc062723c751e8b465ee728b)
Start importing Assets/Rock Debris-2.fbx using Guid(73cd27634bd101d4bb3b130fb323b116) Importer(815301076,1909f56bfc062723c751e8b465ee728b)  -> (artifact id: '641347a51bd84d5189e4b4349f020f72') in 20.011646 seconds 
========================================================================
Received Import Request.
  Time since last request: 582.922950 seconds.
  path: Assets/Rock Debris-1.fbx
  artifactKey: Guid(86e3ee19da220934e9e5f95c291bc8e1) Importer(815301076,1909f56bfc062723c751e8b465ee728b)
Start importing Assets/Rock Debris-1.fbx using Guid(86e3ee19da220934e9e5f95c291bc8e1) Importer(815301076,1909f56bfc062723c751e8b465ee728b)  -> (artifact id: '01bf303900a988a1009be375b25cbfc3') in 0.162086 seconds 
========================================================================
Received Import Request.
  Time since last request: 0.000050 seconds.
  path: Assets/Rock Debris-3.fbx
  artifactKey: Guid(58e6e8bd815d5c84d9db133f0ad53616) Importer(815301076,1909f56bfc062723c751e8b465ee728b)
Start importing Assets/Rock Debris-3.fbx using Guid(58e6e8bd815d5c84d9db133f0ad53616) Importer(815301076,1909f56bfc062723c751e8b465ee728b)  -> (artifact id: 'df459b5fe59e52593d06865c8ebad3b8') in 0.032618 seconds 
========================================================================
Received Import Request.
  Time since last request: 233.985720 seconds.
  path: Assets/Barrel_metal_mask.png
  artifactKey: Guid(2a3d4c3de51e3fc4998c5a6adab3b235) Importer(815301076,1909f56bfc062723c751e8b465ee728b)
Start importing Assets/Barrel_metal_mask.png using Guid(2a3d4c3de51e3fc4998c5a6adab3b235) Importer(815301076,1909f56bfc062723c751e8b465ee728b)  -> (artifact id: 'ba5115a943dfeb57b6ef9d5edf92e95a') in 3.203823 seconds 
========================================================================
Received Import Request.
  Time since last request: 0.000200 seconds.
  path: Assets/Base_Stone 1.png
  artifactKey: Guid(07d28df64fd63104aa213c14c96427d8) Importer(815301076,1909f56bfc062723c751e8b465ee728b)
Start importing Assets/Base_Stone 1.png using Guid(07d28df64fd63104aa213c14c96427d8) Importer(815301076,1909f56bfc062723c751e8b465ee728b)  -> (artifact id: '5821c92bb52e23bb2f04527043729503') in 2.692477 seconds 
========================================================================
Received Import Request.
  Time since last request: 453.629242 seconds.
  path: Assets/Barrel.fbx
  artifactKey: Guid(311e1f0651d8de142ad769ccc923b26c) Importer(815301076,1909f56bfc062723c751e8b465ee728b)
Start importing Assets/Barrel.fbx using Guid(311e1f0651d8de142ad769ccc923b26c) Importer(815301076,1909f56bfc062723c751e8b465ee728b)  -> (artifact id: 'fd71f84ee48f526d11ce2a77d2352ed9') in 0.542147 seconds 
========================================================================
Received Import Request.
  Time since last request: 0.000137 seconds.
  path: Assets/Rock Debris texture.mat
  artifactKey: Guid(ba21d12c598170646a04e6b714e5ac2a) Importer(815301076,1909f56bfc062723c751e8b465ee728b)
Start importing Assets/Rock Debris texture.mat using Guid(ba21d12c598170646a04e6b714e5ac2a) Importer(815301076,1909f56bfc062723c751e8b465ee728b)  -> (artifact id: '02b86b1527da0aee810fe2eabf0d2984') in 0.125622 seconds 
========================================================================
Received Import Request.
  Time since last request: 0.000201 seconds.
  path: Assets/Rock Debris-1.fbx
  artifactKey: Guid(86e3ee19da220934e9e5f95c291bc8e1) Importer(815301076,1909f56bfc062723c751e8b465ee728b)
Start importing Assets/Rock Debris-1.fbx using Guid(86e3ee19da220934e9e5f95c291bc8e1) Importer(815301076,1909f56bfc062723c751e8b465ee728b)  -> (artifact id: 'f757b42bf1e5df8daf72ded28e296ddb') in 0.255496 seconds 
