Using pre-set license
Built from '2021.3/staging' branch; Version is '2021.3.22f1 (b6c551784ba3) revision 11978065'; Using compiler version '192829333'; Build Type 'Release'
OS: 'Windows 11  (10.0.22621) 64bit Professional' Language: 'en' Physical Memory: 49017 MB
BatchMode: 1, IsHumanControllingUs: 0, StartBugReporterOnCrash: 0, Is64bit: 1, IsPro: 1

COMMAND LINE ARGUMENTS:
C:\Program Files\Unity\Hub\Editor\2021.3.22f1\Editor\Unity.exe
-adb2
-batchMode
-noUpm
-name
AssetImportWorker0
-projectPath
C:/Users/illic/Desktop/TFS/Term 5/VGA203/VGA203_Assets
-logFile
Logs/AssetImportWorker0.log
-srvPort
12185
Successfully changed project path to: C:/Users/illic/Desktop/TFS/Term 5/VGA203/VGA203_Assets
C:/Users/illic/Desktop/TFS/Term 5/VGA203/VGA203_Assets
[UnityMemory] Configuration Parameters - Can be set up in boot.config
    "memorysetup-bucket-allocator-granularity=16"
    "memorysetup-bucket-allocator-bucket-count=8"
    "memorysetup-bucket-allocator-block-size=33554432"
    "memorysetup-bucket-allocator-block-count=8"
    "memorysetup-main-allocator-block-size=16777216"
    "memorysetup-thread-allocator-block-size=16777216"
    "memorysetup-gfx-main-allocator-block-size=16777216"
    "memorysetup-gfx-thread-allocator-block-size=16777216"
    "memorysetup-cache-allocator-block-size=4194304"
    "memorysetup-typetree-allocator-block-size=2097152"
    "memorysetup-profiler-bucket-allocator-granularity=16"
    "memorysetup-profiler-bucket-allocator-bucket-count=8"
    "memorysetup-profiler-bucket-allocator-block-size=33554432"
    "memorysetup-profiler-bucket-allocator-block-count=8"
    "memorysetup-profiler-allocator-block-size=16777216"
    "memorysetup-profiler-editor-allocator-block-size=1048576"
    "memorysetup-temp-allocator-size-main=16777216"
    "memorysetup-job-temp-allocator-block-size=2097152"
    "memorysetup-job-temp-allocator-block-size-background=1048576"
    "memorysetup-job-temp-allocator-reduction-small-platforms=262144"
    "memorysetup-temp-allocator-size-background-worker=32768"
    "memorysetup-temp-allocator-size-job-worker=262144"
    "memorysetup-temp-allocator-size-preload-manager=33554432"
    "memorysetup-temp-allocator-size-nav-mesh-worker=65536"
    "memorysetup-temp-allocator-size-audio-worker=65536"
    "memorysetup-temp-allocator-size-cloud-worker=32768"
    "memorysetup-temp-allocator-size-gi-baking-worker=262144"
    "memorysetup-temp-allocator-size-gfx=262144"
Player connection [9428] Host "[IP] 192.168.1.123 [Port] 0 [Flags] 2 [Guid] 3759481501 [EditorId] 3759481501 [Version] 1048832 [Id] WindowsEditor(7,KUME) [Debug] 1 [PackageName] WindowsEditor [ProjectName] Editor" joined multi-casting on [225.0.0.222:54997]...

Player connection [9428] Host "[IP] 192.168.1.123 [Port] 0 [Flags] 2 [Guid] 3759481501 [EditorId] 3759481501 [Version] 1048832 [Id] WindowsEditor(7,KUME) [Debug] 1 [PackageName] WindowsEditor [ProjectName] Editor" joined alternative multi-casting on [225.0.0.222:34997]...

Refreshing native plugins compatible for Editor in 765.48 ms, found 3 plugins.
Preloading 0 native plugins for Editor in 0.00 ms.
Initialize engine version: 2021.3.22f1 (b6c551784ba3)
[Subsystems] Discovering subsystems at path C:/Program Files/Unity/Hub/Editor/2021.3.22f1/Editor/Data/Resources/UnitySubsystems
[Subsystems] Discovering subsystems at path C:/Users/illic/Desktop/TFS/Term 5/VGA203/VGA203_Assets/Assets
GfxDevice: creating device client; threaded=0; jobified=0
Direct3D:
    Version:  Direct3D 11.0 [level 11.1]
    Renderer: NVIDIA GeForce GTX 1050 Ti (ID=0x1c8c)
    Vendor:   NVIDIA
    VRAM:     4004 MB
    Driver:   31.0.15.5176
Initialize mono
Mono path[0] = 'C:/Program Files/Unity/Hub/Editor/2021.3.22f1/Editor/Data/Managed'
Mono path[1] = 'C:/Program Files/Unity/Hub/Editor/2021.3.22f1/Editor/Data/MonoBleedingEdge/lib/mono/unityjit-win32'
Mono config path = 'C:/Program Files/Unity/Hub/Editor/2021.3.22f1/Editor/Data/MonoBleedingEdge/etc'
Using monoOptions --debugger-agent=transport=dt_socket,embedding=1,server=y,suspend=n,address=127.0.0.1:56080
Begin MonoManager ReloadAssembly
Registering precompiled unity dll's ...
Register platform support module: C:/Program Files/Unity/Hub/Editor/2021.3.22f1/Editor/Data/PlaybackEngines/WindowsStandaloneSupport/UnityEditor.WindowsStandalone.Extensions.dll
Registered in 0.038312 seconds.
Native extension for WindowsStandalone target not found
Refreshing native plugins compatible for Editor in 922.30 ms, found 3 plugins.
Preloading 0 native plugins for Editor in 0.00 ms.
Mono: successfully reloaded assembly
- Completed reload, in  7.076 seconds
Domain Reload Profiling:
	ReloadAssembly (7080ms)
		BeginReloadAssembly (740ms)
			ExecutionOrderSort (0ms)
			DisableScriptedObjects (0ms)
			BackupInstance (0ms)
			ReleaseScriptingObjects (0ms)
			CreateAndSetChildDomain (8ms)
		EndReloadAssembly (5460ms)
			LoadAssemblies (721ms)
			RebuildTransferFunctionScriptingTraits (0ms)
			SetupTypeCache (934ms)
			ReleaseScriptCaches (0ms)
			RebuildScriptCaches (370ms)
			SetupLoadedEditorAssemblies (3558ms)
				LogAssemblyErrors (0ms)
				InitializePlatformSupportModulesInManaged (107ms)
				SetLoadedEditorAssemblies (2ms)
				RefreshPlugins (923ms)
				BeforeProcessingInitializeOnLoad (10ms)
				ProcessInitializeOnLoadAttributes (2031ms)
				ProcessInitializeOnLoadMethodAttributes (484ms)
				AfterProcessingInitializeOnLoad (0ms)
				EditorAssembliesLoaded (1ms)
			ExecutionOrderSort2 (0ms)
			AwakeInstancesAfterBackupRestoration (0ms)
Platform modules already initialized, skipping
Registering precompiled user dll's ...
Registered in 0.035069 seconds.
Begin MonoManager ReloadAssembly
Symbol file LoadedFromMemory doesn't match image C:\Users\illic\Desktop\TFS\Term 5\VGA203\VGA203_Assets\Library\PackageCache\com.unity.visualscripting@1.8.0\Editor\VisualScripting.Core\Dependencies\YamlDotNet\Unity.VisualScripting.YamlDotNet.dll
Symbol file LoadedFromMemory doesn't match image C:\Users\illic\Desktop\TFS\Term 5\VGA203\VGA203_Assets\Library\PackageCache\com.unity.visualscripting@1.8.0\Editor\VisualScripting.Core\Dependencies\DotNetZip\Unity.VisualScripting.IonicZip.dll
Native extension for WindowsStandalone target not found
Refreshing native plugins compatible for Editor in 8.93 ms, found 3 plugins.
Preloading 0 native plugins for Editor in 0.00 ms.
Mono: successfully reloaded assembly
- Completed reload, in  9.206 seconds
Domain Reload Profiling:
	ReloadAssembly (9212ms)
		BeginReloadAssembly (777ms)
			ExecutionOrderSort (0ms)
			DisableScriptedObjects (47ms)
			BackupInstance (0ms)
			ReleaseScriptingObjects (1ms)
			CreateAndSetChildDomain (111ms)
		EndReloadAssembly (7734ms)
			LoadAssemblies (564ms)
			RebuildTransferFunctionScriptingTraits (0ms)
			SetupTypeCache (2374ms)
			ReleaseScriptCaches (3ms)
			RebuildScriptCaches (533ms)
			SetupLoadedEditorAssemblies (3492ms)
				LogAssemblyErrors (0ms)
				InitializePlatformSupportModulesInManaged (257ms)
				SetLoadedEditorAssemblies (6ms)
				RefreshPlugins (9ms)
				BeforeProcessingInitializeOnLoad (903ms)
				ProcessInitializeOnLoadAttributes (1863ms)
				ProcessInitializeOnLoadMethodAttributes (327ms)
				AfterProcessingInitializeOnLoad (125ms)
				EditorAssembliesLoaded (1ms)
			ExecutionOrderSort2 (0ms)
			AwakeInstancesAfterBackupRestoration (74ms)
Platform modules already initialized, skipping
========================================================================
Worker process is ready to serve import requests
Launched and connected shader compiler UnityShaderCompiler.exe after 0.36 seconds
Refreshing native plugins compatible for Editor in 3.46 ms, found 3 plugins.
Preloading 0 native plugins for Editor in 0.00 ms.
Unloading 3047 Unused Serialized files (Serialized files now loaded: 0)
Unloading 24 unused Assets / (113.4 KB). Loaded Objects now: 3507.
Memory consumption went from 107.4 MB to 107.3 MB.
Total: 17.969100 ms (FindLiveObjects: 1.565800 ms CreateObjectMapping: 1.762000 ms MarkObjects: 14.185100 ms  DeleteObjects: 0.453300 ms)

AssetImportParameters requested are different than current active one (requested -> active):
  custom:video-decoder-ogg-theora: a1e56fd34408186e4bbccfd4996cb3dc -> 
  custom:container-muxer-webm: aa71ff27fc2769a1b78a27578f13a17b -> 
  custom:container-demuxer-webm: 4f35f7cbe854078d1ac9338744f61a02 -> 
  custom:video-encoder-webm-vp8: eb34c28f22e8b96e1ab97ce403110664 -> 
  custom:video-codec-MediaFoundation-h265: 746d11721c4dcdbdad8f713fa42b33f4 -> 
  custom:audio-encoder-webm-vorbis: bf7c407c2cedff20999df2af8eb42d56 -> 
  custom:framework-win-MediaFoundation: 216162199b28c13a410421893ffa2e32 -> 
  custom:container-demuxer-ogg: 62fdf1f143b41e24485cea50d1cbac27 -> 
  custom:video-decoder-webm-vp8: 9c59270c3fd7afecdb556c50c9e8de78 -> 
  custom:audio-decoder-ogg-vorbis: bf7c407c2cedff20999df2af8eb42d56 -> 
========================================================================
Received Import Request.
  Time since last request: 37849.431229 seconds.
  path: Assets
  artifactKey: Guid(00000000000000001000000000000000) Importer(815301076,1909f56bfc062723c751e8b465ee728b)
Start importing Assets using Guid(00000000000000001000000000000000) Importer(815301076,1909f56bfc062723c751e8b465ee728b)  -> (artifact id: '79842766b460edbeab6a34051e857a80') in 0.149229 seconds 
========================================================================
Received Import Request.
  Time since last request: 16.336561 seconds.
  path: Assets/Rock Debris-1.fbx
  artifactKey: Guid(86e3ee19da220934e9e5f95c291bc8e1) Importer(815301076,1909f56bfc062723c751e8b465ee728b)
Start importing Assets/Rock Debris-1.fbx using Guid(86e3ee19da220934e9e5f95c291bc8e1) Importer(815301076,1909f56bfc062723c751e8b465ee728b)  -> (artifact id: 'ec13beb0d43d44d6f8d23ae299ba452a') in 19.423664 seconds 
========================================================================
Received Import Request.
  Time since last request: 0.000139 seconds.
  path: Assets/Rock Debris-3.fbx
  artifactKey: Guid(58e6e8bd815d5c84d9db133f0ad53616) Importer(815301076,1909f56bfc062723c751e8b465ee728b)
Start importing Assets/Rock Debris-3.fbx using Guid(58e6e8bd815d5c84d9db133f0ad53616) Importer(815301076,1909f56bfc062723c751e8b465ee728b)  -> (artifact id: '271a4aba51231af0c2ef0c334b428127') in 0.283131 seconds 
========================================================================
Received Import Request.
  Time since last request: 129.701978 seconds.
  path: Assets/New SceneTemplate.scenetemplate
  artifactKey: Guid(f6aa295b17748f64b8771aa930bad018) Importer(815301076,1909f56bfc062723c751e8b465ee728b)
Start importing Assets/New SceneTemplate.scenetemplate using Guid(f6aa295b17748f64b8771aa930bad018) Importer(815301076,1909f56bfc062723c751e8b465ee728b)  -> (artifact id: '01cc1c4258aca10b2676604bd68dfcc6') in 0.045561 seconds 
========================================================================
Received Import Request.
  Time since last request: 335.252713 seconds.
  path: Assets/Rock texture.mat
  artifactKey: Guid(ba21d12c598170646a04e6b714e5ac2a) Importer(815301076,1909f56bfc062723c751e8b465ee728b)
Start importing Assets/Rock texture.mat using Guid(ba21d12c598170646a04e6b714e5ac2a) Importer(815301076,1909f56bfc062723c751e8b465ee728b)  -> (artifact id: '059584856116a4f2e3d5f6f410b1281b') in 0.162550 seconds 
========================================================================
Received Import Request.
  Time since last request: 11.388594 seconds.
  path: Assets/Rock Debris texture.mat
  artifactKey: Guid(ba21d12c598170646a04e6b714e5ac2a) Importer(815301076,1909f56bfc062723c751e8b465ee728b)
Start importing Assets/Rock Debris texture.mat using Guid(ba21d12c598170646a04e6b714e5ac2a) Importer(815301076,1909f56bfc062723c751e8b465ee728b)  -> (artifact id: '88f63bc47cb8438177292b09ed637ed4') in 0.087719 seconds 
========================================================================
Received Import Request.
  Time since last request: 106.484252 seconds.
  path: Assets/Base_Stone.png
  artifactKey: Guid(6d1aeeb03c11e7d4cb114a811df70003) Importer(815301076,1909f56bfc062723c751e8b465ee728b)
Start importing Assets/Base_Stone.png using Guid(6d1aeeb03c11e7d4cb114a811df70003) Importer(815301076,1909f56bfc062723c751e8b465ee728b)  -> (artifact id: '097f19cab80a38049d86d81e3ef7c9bf') in 0.115501 seconds 
========================================================================
Received Import Request.
  Time since last request: 0.000034 seconds.
  path: Assets/Rock Debris-2.fbx
  artifactKey: Guid(73cd27634bd101d4bb3b130fb323b116) Importer(815301076,1909f56bfc062723c751e8b465ee728b)
Start importing Assets/Rock Debris-2.fbx using Guid(73cd27634bd101d4bb3b130fb323b116) Importer(815301076,1909f56bfc062723c751e8b465ee728b)  -> (artifact id: '0ab4241affedf6f2631a8535134a2553') in 0.048826 seconds 
========================================================================
Received Import Request.
  Time since last request: 116.995559 seconds.
  path: Assets/Rock Debris-1.fbx
  artifactKey: Guid(86e3ee19da220934e9e5f95c291bc8e1) Importer(815301076,1909f56bfc062723c751e8b465ee728b)
Start importing Assets/Rock Debris-1.fbx using Guid(86e3ee19da220934e9e5f95c291bc8e1) Importer(815301076,1909f56bfc062723c751e8b465ee728b)  -> (artifact id: 'efaa81136ea841af5ae54508526ecc79') in 0.230040 seconds 
========================================================================
Received Import Request.
  Time since last request: 14.406862 seconds.
  path: Assets/Rock Debris-2.fbx
  artifactKey: Guid(73cd27634bd101d4bb3b130fb323b116) Importer(815301076,1909f56bfc062723c751e8b465ee728b)
Start importing Assets/Rock Debris-2.fbx using Guid(73cd27634bd101d4bb3b130fb323b116) Importer(815301076,1909f56bfc062723c751e8b465ee728b)  -> (artifact id: 'a9c3955b39a7e7a8247f39396a5e8782') in 0.200795 seconds 
========================================================================
Received Import Request.
  Time since last request: 8.517415 seconds.
  path: Assets/Rock Debris-3.fbx
  artifactKey: Guid(58e6e8bd815d5c84d9db133f0ad53616) Importer(815301076,1909f56bfc062723c751e8b465ee728b)
Start importing Assets/Rock Debris-3.fbx using Guid(58e6e8bd815d5c84d9db133f0ad53616) Importer(815301076,1909f56bfc062723c751e8b465ee728b)  -> (artifact id: 'd0c303dcf043a47797510d948da8eac7') in 0.265355 seconds 
========================================================================
Received Import Request.
  Time since last request: 93.182895 seconds.
  path: Assets/Barrel.fbx
  artifactKey: Guid(311e1f0651d8de142ad769ccc923b26c) Importer(815301076,1909f56bfc062723c751e8b465ee728b)
Start importing Assets/Barrel.fbx using Guid(311e1f0651d8de142ad769ccc923b26c) Importer(815301076,1909f56bfc062723c751e8b465ee728b)  -> (artifact id: 'e5933eb96e853ea4f57ef97aa72a1e4b') in 0.552790 seconds 
========================================================================
Received Import Request.
  Time since last request: 0.000169 seconds.
  path: Assets/Barrel_normal.png
  artifactKey: Guid(d3b8edcd58fee0949a83251b10d6062f) Importer(815301076,1909f56bfc062723c751e8b465ee728b)
Start importing Assets/Barrel_normal.png using Guid(d3b8edcd58fee0949a83251b10d6062f) Importer(815301076,1909f56bfc062723c751e8b465ee728b)  -> (artifact id: 'a2e0a5b502f84de6c974424658d9e7ef') in 0.256298 seconds 
========================================================================
Received Import Request.
  Time since last request: 0.000176 seconds.
  path: Assets/Dirt.png
  artifactKey: Guid(d517b792370b1d24c808e3485f2094e2) Importer(815301076,1909f56bfc062723c751e8b465ee728b)
Start importing Assets/Dirt.png using Guid(d517b792370b1d24c808e3485f2094e2) Importer(815301076,1909f56bfc062723c751e8b465ee728b)  -> (artifact id: 'caa564216f5d3fd9b9932af32c35b495') in 1.713127 seconds 
========================================================================
Received Import Request.
  Time since last request: 0.024152 seconds.
  path: Assets/Barrel_metalic-Barrel_roughness@channels=G.png
  artifactKey: Guid(23be2db375ce0284a98b835d97a7e73f) Importer(815301076,1909f56bfc062723c751e8b465ee728b)
Start importing Assets/Barrel_metalic-Barrel_roughness@channels=G.png using Guid(23be2db375ce0284a98b835d97a7e73f) Importer(815301076,1909f56bfc062723c751e8b465ee728b)  -> (artifact id: '0f473e3ba70801fb7cce9fae2fde4345') in 1.587512 seconds 
========================================================================
Received Import Request.
  Time since last request: 0.000418 seconds.
  path: Assets/Barrel_metalic-Barrel_roughness@channels=B.png
  artifactKey: Guid(e60e0f442722e6549bb7f6098432ba45) Importer(815301076,1909f56bfc062723c751e8b465ee728b)
Start importing Assets/Barrel_metalic-Barrel_roughness@channels=B.png using Guid(e60e0f442722e6549bb7f6098432ba45) Importer(815301076,1909f56bfc062723c751e8b465ee728b)  -> (artifact id: '34c3e5a9c26634d2a99f4a5ff115ce6a') in 1.126824 seconds 
========================================================================
Received Import Request.
  Time since last request: 64.315292 seconds.
  path: Assets/Barrel Texture.mat
  artifactKey: Guid(4c55b31c5462e8045b63e92f066a5839) Importer(815301076,1909f56bfc062723c751e8b465ee728b)
Start importing Assets/Barrel Texture.mat using Guid(4c55b31c5462e8045b63e92f066a5839) Importer(815301076,1909f56bfc062723c751e8b465ee728b)  -> (artifact id: 'a37d6af40f0d05c6c61e044c2904950f') in 0.098797 seconds 
========================================================================
Received Import Request.
  Time since last request: 40.266412 seconds.
  path: Assets/Untitled.png
  artifactKey: Guid(49c2b6c7e922663408b2a5b9684567cd) Importer(815301076,1909f56bfc062723c751e8b465ee728b)
Start importing Assets/Untitled.png using Guid(49c2b6c7e922663408b2a5b9684567cd) Importer(815301076,1909f56bfc062723c751e8b465ee728b)  -> (artifact id: '77c0decd9a71459e23d73b4e3bc88cf3') in 0.286355 seconds 
========================================================================
Received Import Request.
  Time since last request: 11.422042 seconds.
  path: Assets/Barrel_normal.png
  artifactKey: Guid(d3b8edcd58fee0949a83251b10d6062f) Importer(815301076,1909f56bfc062723c751e8b465ee728b)
Start importing Assets/Barrel_normal.png using Guid(d3b8edcd58fee0949a83251b10d6062f) Importer(815301076,1909f56bfc062723c751e8b465ee728b)  -> (artifact id: '1a8e97d2a20798ff1ee72a3a1b387449') in 0.196809 seconds 
========================================================================
Received Import Request.
  Time since last request: 28.484105 seconds.
  path: Assets/Barrel.fbx
  artifactKey: Guid(311e1f0651d8de142ad769ccc923b26c) Importer(815301076,1909f56bfc062723c751e8b465ee728b)
Start importing Assets/Barrel.fbx using Guid(311e1f0651d8de142ad769ccc923b26c) Importer(815301076,1909f56bfc062723c751e8b465ee728b)  -> (artifact id: 'bdc4cac600b7839fab6f23f69e38faf5') in 0.418017 seconds 
========================================================================
Received Import Request.
  Time since last request: 200.934982 seconds.
  path: Assets/Barrel.blend1
  artifactKey: Guid(17f8742534cc26946ba719bb76fc94b3) Importer(815301076,1909f56bfc062723c751e8b465ee728b)
Start importing Assets/Barrel.blend1 using Guid(17f8742534cc26946ba719bb76fc94b3) Importer(815301076,1909f56bfc062723c751e8b465ee728b)  -> (artifact id: '169057415472ed39f1702f831d929109') in 0.521971 seconds 
========================================================================
Received Import Request.
  Time since last request: 106.484651 seconds.
  path: Assets/Barrel Texture.mat
  artifactKey: Guid(4c55b31c5462e8045b63e92f066a5839) Importer(815301076,1909f56bfc062723c751e8b465ee728b)
Start importing Assets/Barrel Texture.mat using Guid(4c55b31c5462e8045b63e92f066a5839) Importer(815301076,1909f56bfc062723c751e8b465ee728b)  -> (artifact id: '85aac0bc071f569e4e5d98bb2a7364aa') in 0.230737 seconds 
========================================================================
Received Import Request.
  Time since last request: 0.000128 seconds.
  path: Assets/Rock Debris-2.fbx
  artifactKey: Guid(73cd27634bd101d4bb3b130fb323b116) Importer(815301076,1909f56bfc062723c751e8b465ee728b)
Start importing Assets/Rock Debris-2.fbx using Guid(73cd27634bd101d4bb3b130fb323b116) Importer(815301076,1909f56bfc062723c751e8b465ee728b)  -> (artifact id: '8b5d75a6c33f3dd5dc216e5bfe555883') in 0.177094 seconds 
========================================================================
Received Import Request.
  Time since last request: 0.000134 seconds.
  path: Assets/Rock Debris-3.fbx
  artifactKey: Guid(58e6e8bd815d5c84d9db133f0ad53616) Importer(815301076,1909f56bfc062723c751e8b465ee728b)
Start importing Assets/Rock Debris-3.fbx using Guid(58e6e8bd815d5c84d9db133f0ad53616) Importer(815301076,1909f56bfc062723c751e8b465ee728b)  -> (artifact id: '15787a6c37e5c122a334dcde1c37ab0e') in 0.218073 seconds 
